Completed

DataHut_CH_Lidl_PriceExtractions_20250305.CSV
DataHut_AT_Billa_PriceExtractions_20250305.CSV
DataHut_AT_Bipa_PriceExtractions_20250305.CSV
DataHut_AT_Dm_PriceExtractions_20250305.CSV
DataHut_AT_Fressnapf_PriceExtractions_20250305.CSV
DataHut_AT_Interspar_PriceExtractions_20250305.CSV
DataHut_AT_Mpreis_PriceExtractions_20250305.CSV
DataHut_AT_Mueller_PriceExtractions_20250305.CSV
DataHut_AU_Coles_FullDump_20250305.CSV
DataHut_IT_Conad_PriceExtractions_20250305.CSV
DataHut_IT_Easycoop_PriceExtractions_20250305.CSV
DataHut_IT_Esselunga_PriceExtractions_20250305.CSV
DataHut_SI_Dm_PriceExtractions_20250305.CSV
DataHut_SI_Hitrinakup_PriceExtractions_20250305.CSV
DataHut_SI_Mercator_PriceExtractions_20250305.CSV
DataHut_SI_Spar_PriceExtractions_20250305.CSV
DataHut_SI_Trgovinejager_PriceExtractions_20250305.CSVkw_set_2/harrynorman_2025_03_05.json
kw_set_2/houlihanlawrence_2025_03_05.json
kw_set_2/iowarealty_2025_03_05.json
kw_set_2/remax_us_2025_03_05.json
