Completed

DataHut_CH_Lidl_PriceExtractions_20250613.CSV
DataHut_AT_Billa_FlyerExtractions_20250613.csv
DataHut_AT_Billa_PriceExtractions_20250613.CSV
DataHut_AT_Bipa_PriceExtractions_20250613.CSV
DataHut_AT_Dm_PriceExtractions_20250613.CSV
DataHut_AT_Fressnapf_PriceExtractions_20250613.CSV
DataHut_AT_Interspar_FlyerExtractions_20250613.csv
DataHut_AT_Interspar_PriceExtractions_20250613.CSV
DataHut_AT_Mpreis_PriceExtractions_20250613.CSV
DataHut_AT_Mueller_PriceExtractions_20250613.CSV
DataHut_HU_Tesco_PriceExtractions_20250613.CSV
DataHut_HU_Wolt_PriceExtractions_20250613.CSV
DataHut_SI_Dm_PriceExtractions_20250613.CSV
DataHut_SI_Mercator_PriceExtractions_20250613.CSV
DataHut_SI_Spar_PriceExtractions_20250613.CSV
mmlafleur_2025_06_13_sample.csv
noragardner_2025_06_13_sample.csv + reqa
mmlafleur_2025_06_13.csv
samsclub_2025_06_13.csv
walmart_2025_06_13.csv
reelly_2025_06_13.json
machinerytrader_2025_06_13.csv

