Completed

DataHut_AT_Billa_PriceExtractions_20250129.CSV
DataHut_AT_Bipa_PriceExtractions_20250129.CSV
DataHut_AT_Dm_PriceExtractions_20250129.CSV
DataHut_AT_Fressnapf_PriceExtractions_20250129.CSV
DataHut_AT_Interspar_PriceExtractions_20250129.CSV
DataHut_AT_Mpreis_PriceExtractions_20250129.CSV
DataHut_AT_Mueller_PriceExtractions_20250129.CSV
DataHut_CH_Lidl_PriceExtractions_20250129.CSV
DataHut_SI_Dm_PriceExtractions_20250129.CSV
DataHut_SI_Hitrinakup_PriceExtractions_20250129.CSV
DataHut_SI_Mercator_PriceExtractions_20250129.CSV
DataHut_SI_Spar_PriceExtractions_20250129.CSV
DataHut_SI_Trgovinejager_PriceExtractions_20250129.CSV
carrefouruae.ae_2025_01_29.csv
DataHut_AT_Mueller_FullDump_20250130.CSV
DataHut_AT_Interspar_FullDump_20250130.CSV
DataHut_AT_Bipa_FullDump_20250130.CSV
DataHut_AT_Billa_FullDump_20250130.CSV
DataHut_AT_Mpreis_FullDump_20250130.CSV
DataHut_AT_Fressnapf_FullDump_20250130.CSV

