Completed

DataHut_CH_Lidl_PriceExtractions_20250428.CSV
DataHut_HU_Auchan_PriceExtractions_20250428.CSV
DataHut_HU_Tesco_PriceExtractions_20250428.CSV
DataHut_SI_Dm_PriceExtractions_20250428.CSV
DataHut_SI_Hitrinakup_PriceExtractions_20250428.CSV
DataHut_SI_Mercator_PriceExtractions_20250428.CSV
DataHut_SI_Spar_PriceExtractions_20250428.CSV
DataHut_AT_Interspar_FlyerExtractions_20250428.csv
DataHut_AT_Lidl_FlyerExtractions_20250428.csv
DataHut_AT_Mpreis_FlyerExtractions_20250428.csv
DataHut_AT_Mueller_FlyerExtractions_20250428.csv
DataHut_AT_Penny_FlyerExtractions_20250428.csv
bayut_uae_project_2025_04_05.json
dari_ae_2025_04_05.json
dubizzle_egp_2025_04_05.json
dubizzle_uae_2025_04_05.json
nawy_egp_2025_04_05.json
ajmanded_uae_2025_05.json
bahrainfinder_bah_2025_05.json
qatarliving_qat_2025_05.json
