Completed

DataHut_CH_Lidl_PriceExtractions_20250303.CSV
DataHut_AT_Billa_PriceExtractions_20250303.CSV
DataHut_AT_Bipa_PriceExtractions_20250303.CSV
DataHut_AT_Dm_PriceExtractions_20250303.CSV
DataHut_AT_Fressnapf_PriceExtractions_20250303.CSV
DataHut_AT_Interspar_PriceExtractions_20250303.CSV
DataHut_AT_Mpreis_PriceExtractions_20250303.CSV
DataHut_AT_Mueller_PriceExtractions_20250303.CSV
DataHut_HU_Auchan_PriceExtractions_20250303.CSV
DataHut_HU_Spar_PriceExtractions_20250303.CSV
DataHut_HU_Tesco_PriceExtractions_20250303.CSV
DataHut_SI_Dm_PriceExtractions_20250303.CSV
DataHut_SI_Hitrinakup_PriceExtractions_20250303.CSV
DataHut_SI_Mercator_PriceExtractions_20250303.CSV
DataHut_SI_Spar_PriceExtractions_20250303.CSV
DataHut_SI_Trgovinejager_PriceExtractions_20250303.CSV
sijilat_bh_2024_03_03.csv
soft_reelly_2025_03_03.csv
bayut_uae_project_2025_03_01.json
dubizzle_egp_2025_03_01.json
nawy_egp_2025_03_01.json
