Completed

DataHut_AT_Billa_PriceExtractions_20241029_report
DataHut_AT_Bipa_PriceExtractions_20241029_report
DataHut_AT_Dm_PriceExtractions_20241029_report
DataHut_AT_Fressnapf_PriceExtractions_20241029_report
DataHut_AT_Interspar_PriceExtractions_20241029_report
DataHut_AT_Mpreis_PriceExtractions_20241029_report
DataHut_AT_Mueller_PriceExtractions_20241029_report
DataHut_HU_Auchan_PriceExtractions_20241029_report
DataHut_HU_Dm_PriceExtractions_20241029_report
DataHut_HU_Fressnapf_PriceExtractions_20241029_report
DataHut_HU_Spar_PriceExtractions_20241029_report
DataHut_HU_Tesco_PriceExtractions_20241029_report
dubizzle_egp_2024_10_05_report
dubizzle_uae_2024_10_05_report
aqar_ksa_2024_11_report

Doing
bahrainfinder_bah_2024_11_report
DataHut_AU_Coles_FullDump_20241030_report
aqarmap_egp_2024_10_05_report(random check pending. site unreachable for me)

Pending
qatarliving_qat_2024_11.json
