Completed

DataHut_CH_Lidl_PriceExtractions_20250430.CSV
DataHut_SI_Dm_PriceExtractions_20250430.CSV
DataHut_SI_Hitrinakup_PriceExtractions_20250430.CSV
DataHut_SI_Mercator_PriceExtractions_20250430.CSV
DataHut_SI_Spar_PriceExtractions_20250430.CSV
DataHut_AT_Fressnapf_FlyerExtractions_20250430.csv
DataHut_AT_Denns_FlyerExtractions_20250430.csv
DataHut_AT_Billa_FlyerExtractions_20250430.csv
DataHut_HU_Auchan_PriceExtractions_20250430.CSV
DataHut_HU_Tesco_PriceExtractions_20250430.CSV
DataHut_HU_Wolt_PriceExtractions_20250430.CSV
DataHut_AT_Billa_PriceExtractions_20250430.CSV
DataHut_AT_Dm_PriceExtractions_20250430.CSV
DataHut_AT_Interspar_PriceExtractions_20250430.CSV
DataHut_AT_Mpreis_PriceExtractions_20250430.CSV
DataHut_AT_Mueller_PriceExtractions_20250430.CSV
DataHut_IT_Conad_PriceExtractions_20250430.CSV
baity_bah_2025_05.json
bayut_bah_2025_05.json
emlakjet_tur_2025_05.json
DataHut_CH_Lidl_FullDump_20250501.CSV
