Completed

DataHut_CH_Lidl_PriceExtractions_20250307.CSV
DataHut_SI_Dm_PriceExtractions_20250307.CSV
DataHut_SI_Hitrinakup_PriceExtractions_20250307.CSV
DataHut_SI_Mercator_PriceExtractions_20250307.CSV
DataHut_SI_Spar_PriceExtractions_20250307.CSV
DataHut_SI_Trgovinejager_PriceExtractions_20250307.CSV
DataHut_AT_Billa_PriceExtractions_20250307.CSV
DataHut_AT_Bipa_PriceExtractions_20250307.CSV
DataHut_AT_Dm_PriceExtractions_20250307.CSV
DataHut_AT_Fressnapf_PriceExtractions_20250307.CSV
DataHut_AT_Interspar_PriceExtractions_20250307.CSV
DataHut_AT_Mpreis_PriceExtractions_20250307.CSV
DataHut_AT_Mueller_PriceExtractions_20250307.CSV
DataHut_HU_Auchan_PriceExtractions_20250307.CSV
DataHut_HU_Spar_PriceExtractions_20250307.CSV
DataHut_HU_Tesco_PriceExtractions_20250307.CSV
meesho_app_2025_03_07.csv
meesho_app_2025_03_07.json
machinerytrader_2025_03_07.csv
