Completed

DataHut_AT_Billa_PriceExtractions_20250122.CSV
DataHut_AT_Bipa_PriceExtractions_20250122.CSV
DataHut_AT_Dm_PriceExtractions_20250122.CSV
DataHut_AT_Fressnapf_PriceExtractions_20250122.CSV
DataHut_AT_Interspar_PriceExtractions_20250122.CSV
DataHut_AT_Mpreis_PriceExtractions_20250122.CSV
DataHut_AT_Mueller_PriceExtractions_20250122.CSV
DataHut_HU_Auchan_PriceExtractions_20250122.CSV
DataHut_HU_Spar_PriceExtractions_20250122.CSV
DataHut_HU_Tesco_PriceExtractions_20250122.CSV
DataHut_SI_Dm_PriceExtractions_20250122.CSV
DataHut_SI_Hitrinakup_PriceExtractions_20250122.CSV
DataHut_SI_Mercator_PriceExtractions_20250122.CSV
DataHut_SI_Spar_PriceExtractions_20250122.CSV
DataHut_SI_Trgovinejager_PriceExtractions_20250122.CSV
luluhypermarket.ae_2025_01_22.csv
carrefouruae.ae_2025_01_22.csv
DataHut_AT_Billa_FullDump_20250123.CSV
DataHut_AT_Fressnapf_FullDump_20250123.CSV
DataHut_AT_Mpreis_FullDump_20250123.CSV
DataHut_AT_Mueller_FullDump_20250123.CSV

