Completed 

DataHut_CH_Lidl_PriceExtractions_20250507.CSV
DataHut_AT_Billa_PriceExtractions_20250507.CSV
DataHut_AT_Bipa_PriceExtractions_20250507.CSV
DataHut_AT_Dm_PriceExtractions_20250507.CSV
DataHut_AT_Fressnapf_PriceExtractions_20250507.CSV
DataHut_AT_Interspar_PriceExtractions_20250507.CSV
DataHut_AT_Mpreis_PriceExtractions_20250507.CSV
DataHut_AT_Mueller_PriceExtractions_20250507.CSV
DataHut_AT_Interspar_FlyerExtractions_20250507.csv
DataHut_AT_Denns_FlyerExtractions_20250507.csv
DataHut_SI_Dm_PriceExtractions_20250507.CSV
DataHut_SI_Hitrinakup_PriceExtractions_20250507.CSV
DataHut_SI_Mercator_PriceExtractions_20250507.CSV
DataHut_SI_Spar_PriceExtractions_20250507.CSV
DataHut_SI_Mercator_FullDump_20250508.CSV
DataHut_AT_Billa_FullDump_20250508.CSV
DataHut_AT_Bipa_FullDump_20250508.CSV
DataHut_AT_Mpreis_FullDump_20250508.CSV
costplusdrugs_2025_05_07.csv
