Completed

huff_realty_2024_11_05.json
intero_realestate_2024_11_05.json
kentwood_2024_11_05.json
realliving_realestate_2024_11_05.json
rector_hayden_2024_11_05.json
DataHut_AT_Billa_PriceExtractions_20241104.CSV
DataHut_AT_Bipa_PriceExtractions_20241104.CSV
DataHut_AT_Dm_PriceExtractions_20241104.CSV
DataHut_AT_Fressnapf_PriceExtractions_20241104.CSV
DataHut_AT_Interspar_PriceExtractions_20241104.CSV
DataHut_AT_Mpreis_PriceExtractions_20241104.CSV
DataHut_AT_Mueller_PriceExtractions_20241104.CSV
kw_set_2/ebby_2024_11_05.json
kw_set_2/ewm_2024_11_05.json
kw_set_2/firstweber_2024_11_05.json

Pending

dubizzle_egp
dubizzle_uae
aqarmap_egp
KW Set 3
