Completed

DataHut_AT_Billa_PriceExtractions_20250204.CSV
DataHut_AT_Bipa_PriceExtractions_20250204.CSV
DataHut_AT_Dm_PriceExtractions_20250204.CSV
DataHut_AT_Fressnapf_PriceExtractions_20250204.CSV
DataHut_AT_Interspar_PriceExtractions_20250204.CSV
DataHut_AT_Mpreis_PriceExtractions_20250204.CSV
DataHut_AT_Mueller_PriceExtractions_20250204.CSV
DataHut_CH_Lidl_PriceExtractions_20250204.CSV
DataHut_SI_Dm_PriceExtractions_20250204.CSV
DataHut_SI_Hitrinakup_PriceExtractions_20250204.CSV
DataHut_SI_Mercator_PriceExtractions_20250204.CSV
DataHut_SI_Spar_PriceExtractions_20250204.CSV
DataHut_SI_Trgovinejager_PriceExtractions_20250204.CSV
aqarmap_egp_2025_02_01.json
bayut_uae_2025_02_01.json
KW_SET_2/remax_us_2025_02_05.json
KW_SET_2/semonin_realtors_2025_02_05.json
KW_SET_2/sutton_2025_02_05.json
KW_SET_4/berkshirehathaways_2025_02_05.json
