Completed

DataHut_AT_Billa_FullDump_20250605.CSV
DataHut_AT_Bipa_FullDump_20250605.CSV
DataHut_AT_Dm_FullDump_20250605.CSV
DataHut_AT_Fressnapf_FullDump_20250605.CSV
DataHut_AT_Interspar_FullDump_20250605.CSV
DataHut_AT_Mpreis_FullDump_20250605.CSV
DataHut_AT_Mueller_FullDump_20250605.CSV
DataHut_AT_Bipa_FlyerExtractions_20250605.csv
DataHut_AT_Mpreis_FlyerExtractions_20250605.csv
DataHut_AT_Lidl_FlyerExtractions_20250605.csv
DataHut_AT_Action_FlyerExtractions_20250605.csv
DataHut_CH_Coop_FullDump_20250605.CSV
DataHut_CH_Denner_FullDump_20250605.CSV
DataHut_CH_Lidl_FullDump_20250605.CSV + reqa
DataHut_CH_Migros_FullDump_20250605.CSV
indeed_2025_06_05.xlsx  + reqa
harrynorman_2025_06_05.json
houlihanlawrence_2025_06_05.json
huff_realty_2025_06_05.json
intero_realestate_2025_06_05.json
rector_hayden_2025_06_05.json
woodsbros_2025_06_05.json
