Completed

DataHut_CH_Lidl_PriceExtractions_20250409.CSV
DataHut_AT_Billa_PriceExtractions_20250409.CSV
DataHut_AT_Bipa_PriceExtractions_20250409.CSV
DataHut_AT_Dm_PriceExtractions_20250409.CSV
DataHut_AT_Fressnapf_PriceExtractions_20250409.CSV
DataHut_AT_Interspar_PriceExtractions_20250409.CSV
DataHut_AT_Mpreis_PriceExtractions_20250409.CSV
DataHut_AT_Mueller_PriceExtractions_20250409.CSV
DataHut_SI_Dm_PriceExtractions_20250409.CSV
DataHut_SI_Hitrinakup_PriceExtractions_20250409.CSV
DataHut_SI_Mercator_PriceExtractions_20250409.CSV
DataHut_SI_Spar_PriceExtractions_20250409.CSV
DataHut_AT_Denns_FlyerExtractions_20250409.csv
DataHut_AT_Interspar_FlyerExtractions_20250409.csv
DataHut_SI_Dm_FullDump_20250410.CSV
DataHut_AT_Fressnapf_FullDump_20250410.CSV
DataHut_AT_Interspar_FullDump_20250410.CSV
DataHut_AT_Mpreis_FullDump_20250410.CSV
DataHut_AT_Mueller_FullDump_20250410.CSV

