Completed

DataHut_CH_Lidl_PriceExtractions_20250314.CSV
DataHut_AT_Billa_PriceExtractions_20250314.CSV
DataHut_AT_Bipa_PriceExtractions_20250314.CSV
DataHut_AT_Dm_PriceExtractions_20250314.CSV
DataHut_AT_Fressnapf_PriceExtractions_20250314.CSV
DataHut_AT_Interspar_PriceExtractions_20250314.CSV
DataHut_AT_Mpreis_PriceExtractions_20250314.CSV
DataHut_AT_Mueller_PriceExtractions_20250314.CSV
DataHut_HU_Auchan_PriceExtractions_20250314.CSV
DataHut_HU_Spar_PriceExtractions_20250314.CSV
DataHut_HU_Tesco_PriceExtractions_20250314.CSV
DataHut_SI_Dm_PriceExtractions_20250314.CSV
DataHut_SI_Hitrinakup_PriceExtractions_20250314.CSV
DataHut_SI_Mercator_PriceExtractions_20250314.CSV
DataHut_SI_Spar_PriceExtractions_20250314.CSV
DataHut_SI_Trgovinejager_PriceExtractions_20250314.CSV
machinerytrader_2025_03_14.csv
mister_auto_2025_03_14.csv
samsclub_2025_03_14.csv
walmart_2025_03_14.csv
kw_set_7/exprealty_2025_03_05.json
