Completed

DataHut_CH_Lidl_PriceExtractions_20250603.CSV
DataHut_AT_Billa_PriceExtractions_20250603.CSV
DataHut_AT_Bipa_PriceExtractions_20250603.CSV
DataHut_AT_Dm_PriceExtractions_20250603.CSV
DataHut_AT_Fressnapf_PriceExtractions_20250603.CSV
DataHut_AT_Interspar_PriceExtractions_20250603.CSV
DataHut_AT_Mpreis_PriceExtractions_20250603.CSV
DataHut_AT_Mueller_PriceExtractions_20250603.CSV
DataHut_HU_Tesco_PriceExtractions_20250603.CSV
DataHut_HU_Wolt_PriceExtractions_20250603.CSV
DataHut_SI_Hitrinakup_PriceExtractions_20250603.CSV
DataHut_SI_Spar_PriceExtractions_20250603.CSV
DataHut_AT_Interspar_FlyerExtractions_20250603.csv
DataHut_AT_Mueller_FlyerExtractions_20250603.csv
DataHut_AT_Lidl_FlyerExtractions_20250603.csv + reqa
aqarmap_egp_2025_06_01.json
bayut_egp_2025_06_01.json
bayut_uae_2025_06_01.json 
dubizzle_egp_2025_06_01.json (ot)
ah_nl_20250603.csv reqa
