Completed

DataHut_CH_Lidl_PriceExtractions_20250414.CSV
DataHut_AT_Billa_PriceExtractions_20250414.CSV
DataHut_AT_Bipa_PriceExtractions_20250414.CSV
DataHut_AT_Dm_PriceExtractions_20250414.CSV
DataHut_AT_Fressnapf_PriceExtractions_20250414.CSV
DataHut_AT_Interspar_PriceExtractions_20250414.CSV
DataHut_AT_Mpreis_PriceExtractions_20250414.CSV
DataHut_AT_Mueller_PriceExtractions_20250414.CSV
DataHut_AT_Lidl_FlyerExtractions_20250414.csv
DataHut_AT_Mpreis_FlyerExtractions_20250414.csv
DataHut_AT_Interspar_FlyerExtractions_20250414.csv
DataHut_AT_Penny_FlyerExtractions_20250414.csv
DataHut_SI_Dm_PriceExtractions_20250414.CSV
DataHut_SI_Hitrinakup_PriceExtractions_20250414.CSV
DataHut_SI_Mercator_PriceExtractions_20250414.CSV
DataHut_SI_Spar_PriceExtractions_20250414.CSV
DataHut_HU_Auchan_PriceExtractions_20250414.CSV
DataHut_HU_Tesco_PriceExtractions_20250414.CSV
DataHut_UK_Hm_Menswear_Womenswear_FullDump_20250415.CSV
DataHut_UK_Johnlewis_Menswear_Womenswear_FullDump_20250415.CSV
DataHut_UK_Marksandspencer_Menswear_Womenswear_FullDump_20250415.CSV
DataHut_UK_Next_Menswear_Womenswear_FullDump_20250415.CSV
