Completed

DataHut_CH_Lidl_PriceExtractions_20250205.CSV
DataHut_AT_Billa_PriceExtractions_20250205.CSV
DataHut_AT_Bipa_PriceExtractions_20250205.CSV
DataHut_AT_Dm_PriceExtractions_20250205.CSV
DataHut_AT_Fressnapf_PriceExtractions_20250205.CSV
DataHut_AT_Interspar_PriceExtractions_20250205.CSV
DataHut_AT_Mpreis_PriceExtractions_20250205.CSV
DataHut_AT_Mueller_PriceExtractions_20250205.CSV
DataHut_SI_Dm_PriceExtractions_20250205.CSV
DataHut_SI_Hitrinakup_PriceExtractions_20250205.CSV
DataHut_SI_Mercator_PriceExtractions_20250205.CSV
DataHut_SI_Spar_PriceExtractions_20250205.CSV
DataHut_SI_Trgovinejager_PriceExtractions_20250205.CSV
KW_SET_4/exprealty_2025_02_05.json
KW_SET_4/realliving_realestate_2025_02_05.json
kw_set_7/coldwellbankerinternational_2025_02_05.json
kw_set_7/edinarealty_2025_02_05.json
kw_set_7/kentwood_2025_02_05.json
kw_set_7/rector_hayden_2025_02_05.json
kw_set_7/reecenichols_2025_02_05.json
kw_set_7/woodsbros_2025_02_05.json
